#
# A fatal error has been detected by the Java Runtime Environment:
#
#  Internal Error (javaCalls.cpp:51), pid=14364, tid=0x000000000000178c
#  guarantee(thread->is_Java_thread()) failed: crucial check - the VM thread cannot and must not escape to Java code
#
# JRE version: Java(TM) SE Runtime Environment (8.0_191-b12) (build 1.8.0_191-b12)
# Java VM: Java HotSpot(TM) 64-Bit Server VM (25.191-b12 mixed mode windows-amd64 compressed oops)
# Failed to write core dump. Minidumps are not enabled by default on client versions of Windows
#
# If you would like to submit a bug report, please visit:
#   http://bugreport.java.com/bugreport/crash.jsp
#

---------------  T H R E A D  ---------------

Current thread (0x0000000017ff6800):  VMThread [stack: 0x000000001a730000,0x000000001a830000] [id=6028]

Stack: [0x000000001a730000,0x000000001a830000]
[error occurred during error reporting (printing stack bounds), id 0xc0000005]

Native frames: (J=compiled Java code, j=interpreted, Vv=VM code, C=native code)

VM_Operation (0x000000001ae2f520): GetOrSetLocal, mode: safepoint, requested by thread 0x00000000196e1800


---------------  P R O C E S S  ---------------

Java Threads: ( => current thread )
  0x00000000197f9000 JavaThread "Service Thread" daemon [_thread_blocked, id=9336, stack(0x000000001b430000,0x000000001b530000)]
  0x00000000197b3000 JavaThread "C1 CompilerThread3" daemon [_thread_blocked, id=3532, stack(0x000000001b330000,0x000000001b430000)]
  0x00000000197ac800 JavaThread "C2 CompilerThread2" daemon [_thread_blocked, id=17192, stack(0x000000001b230000,0x000000001b330000)]
  0x00000000197ab000 JavaThread "C2 CompilerThread1" daemon [_thread_blocked, id=12656, stack(0x000000001b130000,0x000000001b230000)]
  0x00000000197aa000 JavaThread "C2 CompilerThread0" daemon [_thread_blocked, id=9092, stack(0x000000001b030000,0x000000001b130000)]
  0x00000000196f5800 JavaThread "JDWP Command Reader" daemon [_thread_in_native, id=11772, stack(0x000000001af30000,0x000000001b030000)]
  0x00000000196ee800 JavaThread "JDWP Event Helper Thread" daemon [_thread_blocked, id=14408, stack(0x000000001ae30000,0x000000001af30000)]
  0x00000000196e1800 JavaThread "JDWP Transport Listener: dt_socket" daemon [_thread_blocked, id=6432, stack(0x000000001ad30000,0x000000001ae30000)]
  0x00000000196d6800 JavaThread "Attach Listener" daemon [_thread_blocked, id=2640, stack(0x000000001ac30000,0x000000001ad30000)]
  0x00000000196d3000 JavaThread "Signal Dispatcher" daemon [_thread_blocked, id=14568, stack(0x000000001ab30000,0x000000001ac30000)]
  0x0000000018003800 JavaThread "Finalizer" daemon [_thread_blocked, id=3560, stack(0x000000001a930000,0x000000001aa30000)]
  0x00000000196c3000 JavaThread "Reference Handler" daemon [_thread_blocked, id=5744, stack(0x000000001a830000,0x000000001a930000)]
  0x0000000002df3800 JavaThread "main" [_thread_blocked, id=15172, stack(0x0000000002b20000,0x0000000002c20000)]

Other Threads:
=>0x0000000017ff6800 VMThread [stack: 0x000000001a730000,0x000000001a830000] [id=6028]
  0x00000000197fe000 WatcherThread [stack: 0x000000001b530000,0x000000001b630000] [id=6120]

VM state:at safepoint (normal execution)

VM Mutex/Monitor currently owned by a thread:  ([mutex/lock_event])
[0x0000000002df0250] Threads_lock - owner thread: 0x0000000017ff6800

Heap:
 PSYoungGen      total 37888K, used 2625K [0x00000000d6180000, 0x00000000d8b80000, 0x0000000100000000)
  eden space 32768K, 8% used [0x00000000d6180000,0x00000000d64106e8,0x00000000d8180000)
  from space 5120K, 0% used [0x00000000d8680000,0x00000000d8680000,0x00000000d8b80000)
  to   space 5120K, 0% used [0x00000000d8180000,0x00000000d8180000,0x00000000d8680000)
 ParOldGen       total 86016K, used 0K [0x0000000082400000, 0x0000000087800000, 0x00000000d6180000)
  object space 86016K, 0% used [0x0000000082400000,0x0000000082400000,0x0000000087800000)
 Metaspace       used 3182K, capacity 4600K, committed 4864K, reserved 1056768K
  class space    used 343K, capacity 424K, committed 512K, reserved 1048576K

Card table byte_map: [0x00000000122b0000,0x00000000126a0000] byte_map_base: 0x0000000011e9e000

Marking Bits: (ParMarkBitMap*) 0x00000000530d3e30
 Begin Bits: [0x0000000013340000, 0x00000000152b0000)
 End Bits:   [0x00000000152b0000, 0x0000000017220000)

Polling page: 0x0000000000e60000

CodeCache: size=245760Kb used=1113Kb max_used=1122Kb free=244646Kb
 bounds [0x0000000002ef0000, 0x0000000003160000, 0x0000000011ef0000]
 total_blobs=263 nmethods=26 adapters=158
 compilation: enabled

Compilation events (10 events):
Event: 0.667 Thread 0x00000000197b3000 nmethod 20 0x00000000030034d0 code [0x0000000003003680, 0x0000000003003db8]
Event: 0.667 Thread 0x00000000197b3000   25       3       java.io.WinNTFileSystem::isSlash (18 bytes)
Event: 0.667 Thread 0x00000000197b3000 nmethod 25 0x00000000030041d0 code [0x0000000003004320, 0x0000000003004510]
Event: 0.667 Thread 0x00000000197b3000   24       3       java.io.WinNTFileSystem::isLetter (30 bytes)
Event: 0.667 Thread 0x00000000197b3000 nmethod 24 0x0000000003004590 code [0x0000000003004700, 0x0000000003004950]
Event: 0.669 Thread 0x00000000197ab000 nmethod 22 0x0000000003007850 code [0x00000000030079a0, 0x0000000003007c48]
Event: 0.670 Thread 0x00000000197ac800 nmethod 23 0x0000000003007dd0 code [0x0000000003007f20, 0x00000000030080f8]
Event: 0.670 Thread 0x00000000197aa000 nmethod 21 0x0000000003005b50 code [0x0000000003005ca0, 0x00000000030060c8]
Event: 348.456 Thread 0x00000000197b3000   26       3       java.util.HashMap::getNode (148 bytes)
Event: 348.459 Thread 0x00000000197b3000 nmethod 26 0x0000000003004c90 code [0x0000000003004e60, 0x0000000003005828]

GC Heap History (0 events):
No events

Deoptimization events (0 events):
No events

Classes redefined (3 events):
Event: 348.459 Thread 0x0000000017ff6800 redefined class name=SubStrList, count=1
Event: 439.443 Thread 0x0000000017ff6800 redefined class name=SubStrList, count=2
Event: 576.186 Thread 0x0000000017ff6800 redefined class name=SubStrList, count=3

Internal exceptions (2 events):
Event: 0.047 Thread 0x0000000002df3800 Exception <a 'java/lang/NoSuchMethodError': Method sun.misc.Unsafe.defineClass(Ljava/lang/String;[BII)Ljava/lang/Class; name or signature does not match> (0x00000000d6187cb0) thrown at [C:\re\workspace\8-2-build-windows-amd64-cygwin\jdk8u191\11896\hotspot
Event: 0.047 Thread 0x0000000002df3800 Exception <a 'java/lang/NoSuchMethodError': Method sun.misc.Unsafe.prefetchRead(Ljava/lang/Object;J)V name or signature does not match> (0x00000000d6187f98) thrown at [C:\re\workspace\8-2-build-windows-amd64-cygwin\jdk8u191\11896\hotspot\src\share\vm\prim

Events (10 events):
Event: 439.585 Executing VM operation: GetOrSetLocal done
Event: 576.180 Executing VM operation: ChangeBreakpoints
Event: 576.180 Executing VM operation: ChangeBreakpoints done
Event: 576.181 Executing VM operation: ChangeBreakpoints
Event: 576.181 Executing VM operation: ChangeBreakpoints done
Event: 576.186 Executing VM operation: RedefineClasses
Event: 576.186 Executing VM operation: RedefineClasses done
Event: 576.283 Executing VM operation: ChangeBreakpoints
Event: 576.283 Executing VM operation: ChangeBreakpoints done
Event: 576.329 Executing VM operation: GetOrSetLocal


Dynamic libraries:
0x00007ff6a4840000 - 0x00007ff6a4877000 	D:\Program Files\Java\jdk1.8.0_191\bin\java.exe
0x00007ffb0be10000 - 0x00007ffb0bff1000 	C:\Windows\SYSTEM32\ntdll.dll
0x00007ffaec680000 - 0x00007ffaec694000 	D:\Program Files\AVAST Software\Avast\x64\aswhooka.dll
0x00007ffb0bd20000 - 0x00007ffb0bdd2000 	C:\Windows\System32\KERNEL32.DLL
0x00007ffb08c60000 - 0x00007ffb08ed3000 	C:\Windows\System32\KERNELBASE.dll
0x00007ffb09480000 - 0x00007ffb09521000 	C:\Windows\System32\ADVAPI32.dll
0x00007ffb0b160000 - 0x00007ffb0b1fe000 	C:\Windows\System32\msvcrt.dll
0x00007ffb092a0000 - 0x00007ffb092fb000 	C:\Windows\System32\sechost.dll
0x00007ffb09530000 - 0x00007ffb09654000 	C:\Windows\System32\RPCRT4.dll
0x00007ffb0b650000 - 0x00007ffb0b7e0000 	C:\Windows\System32\USER32.dll
0x00007ffb08240000 - 0x00007ffb08260000 	C:\Windows\System32\win32u.dll
0x00007ffb09b70000 - 0x00007ffb09b98000 	C:\Windows\System32\GDI32.dll
0x00007ffb08f30000 - 0x00007ffb090c2000 	C:\Windows\System32\gdi32full.dll
0x00007ffb09200000 - 0x00007ffb0929f000 	C:\Windows\System32\msvcp_win.dll
0x00007ffb08b60000 - 0x00007ffb08c5a000 	C:\Windows\System32\ucrtbase.dll
0x00007ffaff0a0000 - 0x00007ffaff309000 	C:\Windows\WinSxS\amd64_microsoft.windows.common-controls_6595b64144ccf1df_6.0.17134.345_none_fb429a5930656358\COMCTL32.dll
0x00007ffb0b9f0000 - 0x00007ffb0bd13000 	C:\Windows\System32\combase.dll
0x00007ffb09180000 - 0x00007ffb091fa000 	C:\Windows\System32\bcryptPrimitives.dll
0x00007ffb09920000 - 0x00007ffb0994d000 	C:\Windows\System32\IMM32.DLL
0x0000000053160000 - 0x0000000053232000 	D:\Program Files\Java\jdk1.8.0_191\jre\bin\msvcr100.dll
0x00000000528b0000 - 0x0000000053154000 	D:\Program Files\Java\jdk1.8.0_191\jre\bin\server\jvm.dll
0x00007ffb09660000 - 0x00007ffb09668000 	C:\Windows\System32\PSAPI.DLL
0x00007ffb045b0000 - 0x00007ffb045b9000 	C:\Windows\SYSTEM32\WSOCK32.dll
0x00007ffb09410000 - 0x00007ffb0947c000 	C:\Windows\System32\WS2_32.dll
0x00007ffb056e0000 - 0x00007ffb05703000 	C:\Windows\SYSTEM32\WINMM.dll
0x00007ffb02960000 - 0x00007ffb0296a000 	C:\Windows\SYSTEM32\VERSION.dll
0x00007ffb04f70000 - 0x00007ffb04f9a000 	C:\Windows\SYSTEM32\WINMMBASE.dll
0x00007ffb08ee0000 - 0x00007ffb08f29000 	C:\Windows\System32\cfgmgr32.dll
0x0000000054530000 - 0x000000005453f000 	D:\Program Files\Java\jdk1.8.0_191\jre\bin\verify.dll
0x0000000054500000 - 0x0000000054529000 	D:\Program Files\Java\jdk1.8.0_191\jre\bin\java.dll
0x00000000544a0000 - 0x00000000544d5000 	D:\Program Files\Java\jdk1.8.0_191\jre\bin\jdwp.dll
0x0000000054470000 - 0x0000000054478000 	D:\Program Files\Java\jdk1.8.0_191\jre\bin\npt.dll
0x0000000052880000 - 0x00000000528a3000 	D:\Program Files\Java\jdk1.8.0_191\jre\bin\instrument.dll
0x00000000544e0000 - 0x00000000544f6000 	D:\Program Files\Java\jdk1.8.0_191\jre\bin\zip.dll
0x00007ffb09ba0000 - 0x00007ffb0afdf000 	C:\Windows\System32\SHELL32.dll
0x00007ffb0b940000 - 0x00007ffb0b9e9000 	C:\Windows\System32\shcore.dll
0x00007ffb08450000 - 0x00007ffb08b5d000 	C:\Windows\System32\windows.storage.dll
0x00007ffb096f0000 - 0x00007ffb09741000 	C:\Windows\System32\shlwapi.dll
0x00007ffb081c0000 - 0x00007ffb081d1000 	C:\Windows\System32\kernel.appcore.dll
0x00007ffb08120000 - 0x00007ffb0813f000 	C:\Windows\System32\profapi.dll
0x00007ffb08170000 - 0x00007ffb081bc000 	C:\Windows\System32\powrprof.dll
0x00007ffb08160000 - 0x00007ffb0816a000 	C:\Windows\System32\FLTLIB.DLL
0x0000000052870000 - 0x0000000052879000 	D:\Program Files\Java\jdk1.8.0_191\jre\bin\dt_socket.dll
0x00007ffb07940000 - 0x00007ffb079a6000 	C:\Windows\system32\mswsock.dll

VM Arguments:
jvm_args: -agentlib:jdwp=transport=dt_socket,address=127.0.0.1:53982,suspend=y,server=n -javaagent:C:\Users\Krisz\.IntelliJIdea2018.2\system\captureAgent\debugger-agent.jar=file:/C:/Users/Krisz/AppData/Local/Temp/capture.props -Dfile.encoding=UTF-8 
java_command: SubStrList
java_class_path (initial): D:\Program Files\Java\jdk1.8.0_191\jre\lib\charsets.jar;D:\Program Files\Java\jdk1.8.0_191\jre\lib\deploy.jar;D:\Program Files\Java\jdk1.8.0_191\jre\lib\ext\access-bridge-64.jar;D:\Program Files\Java\jdk1.8.0_191\jre\lib\ext\cldrdata.jar;D:\Program Files\Java\jdk1.8.0_191\jre\lib\ext\dnsns.jar;D:\Program Files\Java\jdk1.8.0_191\jre\lib\ext\jaccess.jar;D:\Program Files\Java\jdk1.8.0_191\jre\lib\ext\jfxrt.jar;D:\Program Files\Java\jdk1.8.0_191\jre\lib\ext\localedata.jar;D:\Program Files\Java\jdk1.8.0_191\jre\lib\ext\nashorn.jar;D:\Program Files\Java\jdk1.8.0_191\jre\lib\ext\sunec.jar;D:\Program Files\Java\jdk1.8.0_191\jre\lib\ext\sunjce_provider.jar;D:\Program Files\Java\jdk1.8.0_191\jre\lib\ext\sunmscapi.jar;D:\Program Files\Java\jdk1.8.0_191\jre\lib\ext\sunpkcs11.jar;D:\Program Files\Java\jdk1.8.0_191\jre\lib\ext\zipfs.jar;D:\Program Files\Java\jdk1.8.0_191\jre\lib\javaws.jar;D:\Program Files\Java\jdk1.8.0_191\jre\lib\jce.jar;D:\Program Files\Java\jdk1.8.0_191\jre\lib\jfr.jar;D:\Program Files\Java\jdk1.8.0_191\jre\lib\jfxswt.jar;D:\Program Files\Java\jdk1.8.0_191\jre\lib\jsse.jar;D:\Program Files\Java\jdk1.8.0_191\jre\lib\management-agent.jar;D:\Program Files\Java\jdk1.8.0_191\jre\lib\plugin.jar;D:\Program Files\Java\jdk1.8.0_191\jre\lib\resources.jar;D:\Program Files\Java\jdk1.8.0_191\jre\lib\rt.jar;C:\Users\Krisz\Desktop\GreenFox\ChrisFrill\week-03\day-02\out\production\JavaWeek3Day2;D:\Program Files\JetBrains\IntelliJ IDEA 2018.2.5\lib\idea_rt.jar;C:\Users\Krisz\.IntelliJIdea2018.2\system\captureAgent\debugger-agent.jar
Launcher Type: SUN_STANDARD

Environment Variables:
JAVA_HOME=D:\Program Files\Java\jdk1.8.0_191
PATH=C:\Windows\System32;%JAVA_HOME%\bin;D:\Program Files\Java\jdk1.8.0_191\bin;D:\Program Files\Java\jdk1.8.0_191\bin;C:\Users\Krisz\AppData\Local\Microsoft\WindowsApps;;D:\Users\Krisz\AppData\Local\Programs\Microsoft VS Code\bin
USERNAME=Krisz
OS=Windows_NT
PROCESSOR_IDENTIFIER=Intel64 Family 6 Model 158 Stepping 10, GenuineIntel



---------------  S Y S T E M  ---------------

OS: Windows 10.0 , 64 bit Build 17134 (10.0.17134.1)

CPU:total 12 (initial active 12) (6 cores per cpu, 2 threads per core) family 6 model 158 stepping 10, cmov, cx8, fxsr, mmx, sse, sse2, sse3, ssse3, sse4.1, sse4.2, popcnt, avx, avx2, aes, clmul, erms, 3dnowpref, lzcnt, ht, tsc, tscinvbit, bmi1, bmi2, adx

Memory: 4k page, physical 8239832k(1951076k free), swap 17822812k(8111936k free)

vm_info: Java HotSpot(TM) 64-Bit Server VM (25.191-b12) for windows-amd64 JRE (1.8.0_191-b12), built on Oct  6 2018 09:29:03 by "java_re" with MS VC++ 10.0 (VS2010)

time: Tue Nov 06 10:50:52 2018
elapsed time: 576 seconds (0d 0h 9m 36s)

