#
# A fatal error has been detected by the Java Runtime Environment:
#
#  Internal Error (javaCalls.cpp:51), pid=13216, tid=0x0000000000001f0c
#  guarantee(thread->is_Java_thread()) failed: crucial check - the VM thread cannot and must not escape to Java code
#
# JRE version: Java(TM) SE Runtime Environment (8.0_191-b12) (build 1.8.0_191-b12)
# Java VM: Java HotSpot(TM) 64-Bit Server VM (25.191-b12 mixed mode windows-amd64 compressed oops)
# Failed to write core dump. Minidumps are not enabled by default on client versions of Windows
#
# If you would like to submit a bug report, please visit:
#   http://bugreport.java.com/bugreport/crash.jsp
#

---------------  T H R E A D  ---------------

Current thread (0x0000000017846800):  VMThread [stack: 0x0000000019f90000,0x000000001a090000] [id=7948]

Stack: [0x0000000019f90000,0x000000001a090000]
[error occurred during error reporting (printing stack bounds), id 0xc0000005]

Native frames: (J=compiled Java code, j=interpreted, Vv=VM code, C=native code)

VM_Operation (0x000000001a68f0a0): GetOrSetLocal, mode: safepoint, requested by thread 0x0000000018f44000


---------------  P R O C E S S  ---------------

Java Threads: ( => current thread )
  0x0000000019010000 JavaThread "Service Thread" daemon [_thread_blocked, id=10832, stack(0x000000001ac90000,0x000000001ad90000)]
  0x0000000019017000 JavaThread "C1 CompilerThread3" daemon [_thread_blocked, id=13136, stack(0x000000001ab90000,0x000000001ac90000)]
  0x000000001900d000 JavaThread "C2 CompilerThread2" daemon [_thread_blocked, id=10888, stack(0x000000001aa90000,0x000000001ab90000)]
  0x000000001900b800 JavaThread "C2 CompilerThread1" daemon [_thread_blocked, id=528, stack(0x000000001a990000,0x000000001aa90000)]
  0x0000000019013000 JavaThread "C2 CompilerThread0" daemon [_thread_blocked, id=11716, stack(0x000000001a890000,0x000000001a990000)]
  0x0000000018f57000 JavaThread "JDWP Command Reader" daemon [_thread_in_native, id=12416, stack(0x000000001a790000,0x000000001a890000)]
  0x0000000018f50800 JavaThread "JDWP Event Helper Thread" daemon [_thread_blocked, id=1524, stack(0x000000001a690000,0x000000001a790000)]
  0x0000000018f44000 JavaThread "JDWP Transport Listener: dt_socket" daemon [_thread_blocked, id=11420, stack(0x000000001a590000,0x000000001a690000)]
  0x0000000018f3d000 JavaThread "Attach Listener" daemon [_thread_blocked, id=12780, stack(0x000000001a490000,0x000000001a590000)]
  0x0000000018f3c000 JavaThread "Signal Dispatcher" daemon [_thread_blocked, id=1076, stack(0x000000001a390000,0x000000001a490000)]
  0x0000000017854000 JavaThread "Finalizer" daemon [_thread_blocked, id=2272, stack(0x000000001a190000,0x000000001a290000)]
  0x0000000018f23000 JavaThread "Reference Handler" daemon [_thread_blocked, id=11592, stack(0x000000001a090000,0x000000001a190000)]
  0x0000000002643800 JavaThread "main" [_thread_blocked, id=3156, stack(0x0000000002360000,0x0000000002460000)]

Other Threads:
=>0x0000000017846800 VMThread [stack: 0x0000000019f90000,0x000000001a090000] [id=7948]
  0x00000000190de000 WatcherThread [stack: 0x000000001ad90000,0x000000001ae90000] [id=2168]

VM state:at safepoint (normal execution)

VM Mutex/Monitor currently owned by a thread:  ([mutex/lock_event])
[0x00000000026403d0] Threads_lock - owner thread: 0x0000000017846800

Heap:
 PSYoungGen      total 37888K, used 2625K [0x00000000d6180000, 0x00000000d8b80000, 0x0000000100000000)
  eden space 32768K, 8% used [0x00000000d6180000,0x00000000d6410710,0x00000000d8180000)
  from space 5120K, 0% used [0x00000000d8680000,0x00000000d8680000,0x00000000d8b80000)
  to   space 5120K, 0% used [0x00000000d8180000,0x00000000d8180000,0x00000000d8680000)
 ParOldGen       total 86016K, used 0K [0x0000000082400000, 0x0000000087800000, 0x00000000d6180000)
  object space 86016K, 0% used [0x0000000082400000,0x0000000082400000,0x0000000087800000)
 Metaspace       used 3187K, capacity 4600K, committed 4864K, reserved 1056768K
  class space    used 344K, capacity 424K, committed 512K, reserved 1048576K

Card table byte_map: [0x0000000011b00000,0x0000000011ef0000] byte_map_base: 0x00000000116ee000

Marking Bits: (ParMarkBitMap*) 0x00000000531a3e30
 Begin Bits: [0x0000000012b90000, 0x0000000014b00000)
 End Bits:   [0x0000000014b00000, 0x0000000016a70000)

Polling page: 0x00000000022a0000

CodeCache: size=245760Kb used=1113Kb max_used=1122Kb free=244646Kb
 bounds [0x0000000002740000, 0x00000000029b0000, 0x0000000011740000]
 total_blobs=263 nmethods=26 adapters=158
 compilation: enabled

Compilation events (10 events):
Event: 0.219 Thread 0x0000000019017000 nmethod 20 0x0000000002853190 code [0x0000000002853340, 0x0000000002853a78]
Event: 0.219 Thread 0x0000000019017000   24       3       java.io.WinNTFileSystem::isSlash (18 bytes)
Event: 0.219 Thread 0x0000000019017000 nmethod 24 0x0000000002853e90 code [0x0000000002853fe0, 0x00000000028541d0]
Event: 0.219 Thread 0x0000000019017000   22       3       java.io.WinNTFileSystem::isLetter (30 bytes)
Event: 0.220 Thread 0x0000000019017000 nmethod 22 0x0000000002854250 code [0x00000000028543c0, 0x0000000002854610]
Event: 0.221 Thread 0x000000001900d000 nmethod 25 0x0000000002857490 code [0x00000000028575e0, 0x00000000028577b8]
Event: 0.222 Thread 0x0000000019013000 nmethod 23 0x0000000002855a10 code [0x0000000002855b60, 0x0000000002855e08]
Event: 0.223 Thread 0x000000001900b800 nmethod 21 0x0000000002855210 code [0x0000000002855360, 0x0000000002855788]
Event: 56.409 Thread 0x0000000019017000   26       3       java.util.HashMap::getNode (148 bytes)
Event: 56.410 Thread 0x0000000019017000 nmethod 26 0x00000000028565d0 code [0x00000000028567a0, 0x0000000002857168]

GC Heap History (0 events):
No events

Deoptimization events (0 events):
No events

Classes redefined (4 events):
Event: 56.410 Thread 0x0000000017846800 redefined class name=Anagram, count=1
Event: 72.558 Thread 0x0000000017846800 redefined class name=Anagram, count=2
Event: 110.684 Thread 0x0000000017846800 redefined class name=Anagram, count=3
Event: 384.080 Thread 0x0000000017846800 redefined class name=Anagram, count=4

Internal exceptions (2 events):
Event: 0.047 Thread 0x0000000002643800 Exception <a 'java/lang/NoSuchMethodError': Method sun.misc.Unsafe.defineClass(Ljava/lang/String;[BII)Ljava/lang/Class; name or signature does not match> (0x00000000d6187cb0) thrown at [C:\re\workspace\8-2-build-windows-amd64-cygwin\jdk8u191\11896\hotspot
Event: 0.047 Thread 0x0000000002643800 Exception <a 'java/lang/NoSuchMethodError': Method sun.misc.Unsafe.prefetchRead(Ljava/lang/Object;J)V name or signature does not match> (0x00000000d6187f98) thrown at [C:\re\workspace\8-2-build-windows-amd64-cygwin\jdk8u191\11896\hotspot\src\share\vm\prim

Events (10 events):
Event: 384.079 Executing VM operation: ChangeBreakpoints done
Event: 384.080 Executing VM operation: RedefineClasses
Event: 384.080 Executing VM operation: RedefineClasses done
Event: 384.083 Executing VM operation: ChangeBreakpoints
Event: 384.083 Executing VM operation: ChangeBreakpoints done
Event: 384.084 Executing VM operation: ChangeBreakpoints
Event: 384.084 Executing VM operation: ChangeBreakpoints done
Event: 384.085 Executing VM operation: ChangeBreakpoints
Event: 384.085 Executing VM operation: ChangeBreakpoints done
Event: 384.113 Executing VM operation: GetOrSetLocal


Dynamic libraries:
0x00007ff6eef40000 - 0x00007ff6eef77000 	D:\Program Files\Java\jdk1.8.0_191\bin\java.exe
0x00007ffb0be10000 - 0x00007ffb0bff1000 	C:\Windows\SYSTEM32\ntdll.dll
0x00007ffaec680000 - 0x00007ffaec694000 	D:\Program Files\AVAST Software\Avast\x64\aswhooka.dll
0x00007ffb0bd20000 - 0x00007ffb0bdd2000 	C:\Windows\System32\KERNEL32.DLL
0x00007ffb08c60000 - 0x00007ffb08ed3000 	C:\Windows\System32\KERNELBASE.dll
0x00007ffb09480000 - 0x00007ffb09521000 	C:\Windows\System32\ADVAPI32.dll
0x00007ffb0b160000 - 0x00007ffb0b1fe000 	C:\Windows\System32\msvcrt.dll
0x00007ffb092a0000 - 0x00007ffb092fb000 	C:\Windows\System32\sechost.dll
0x00007ffb09530000 - 0x00007ffb09654000 	C:\Windows\System32\RPCRT4.dll
0x00007ffb0b650000 - 0x00007ffb0b7e0000 	C:\Windows\System32\USER32.dll
0x00007ffb08240000 - 0x00007ffb08260000 	C:\Windows\System32\win32u.dll
0x00007ffb09b70000 - 0x00007ffb09b98000 	C:\Windows\System32\GDI32.dll
0x00007ffb08f30000 - 0x00007ffb090c2000 	C:\Windows\System32\gdi32full.dll
0x00007ffb09200000 - 0x00007ffb0929f000 	C:\Windows\System32\msvcp_win.dll
0x00007ffb08b60000 - 0x00007ffb08c5a000 	C:\Windows\System32\ucrtbase.dll
0x00007ffaf9cc0000 - 0x00007ffaf9f29000 	C:\Windows\WinSxS\amd64_microsoft.windows.common-controls_6595b64144ccf1df_6.0.17134.345_none_fb429a5930656358\COMCTL32.dll
0x00007ffb0b9f0000 - 0x00007ffb0bd13000 	C:\Windows\System32\combase.dll
0x00007ffb09180000 - 0x00007ffb091fa000 	C:\Windows\System32\bcryptPrimitives.dll
0x00007ffb09920000 - 0x00007ffb0994d000 	C:\Windows\System32\IMM32.DLL
0x0000000053230000 - 0x0000000053302000 	D:\Program Files\Java\jdk1.8.0_191\jre\bin\msvcr100.dll
0x0000000052980000 - 0x0000000053224000 	D:\Program Files\Java\jdk1.8.0_191\jre\bin\server\jvm.dll
0x00007ffb09660000 - 0x00007ffb09668000 	C:\Windows\System32\PSAPI.DLL
0x00007ffb041f0000 - 0x00007ffb041f9000 	C:\Windows\SYSTEM32\WSOCK32.dll
0x00007ffb09410000 - 0x00007ffb0947c000 	C:\Windows\System32\WS2_32.dll
0x00007ffb056e0000 - 0x00007ffb05703000 	C:\Windows\SYSTEM32\WINMM.dll
0x00007ffb02960000 - 0x00007ffb0296a000 	C:\Windows\SYSTEM32\VERSION.dll
0x00007ffb04f70000 - 0x00007ffb04f9a000 	C:\Windows\SYSTEM32\WINMMBASE.dll
0x00007ffb08ee0000 - 0x00007ffb08f29000 	C:\Windows\System32\cfgmgr32.dll
0x0000000052970000 - 0x000000005297f000 	D:\Program Files\Java\jdk1.8.0_191\jre\bin\verify.dll
0x0000000052940000 - 0x0000000052969000 	D:\Program Files\Java\jdk1.8.0_191\jre\bin\java.dll
0x00000000528a0000 - 0x00000000528d5000 	D:\Program Files\Java\jdk1.8.0_191\jre\bin\jdwp.dll
0x0000000052890000 - 0x0000000052898000 	D:\Program Files\Java\jdk1.8.0_191\jre\bin\npt.dll
0x0000000052860000 - 0x0000000052883000 	D:\Program Files\Java\jdk1.8.0_191\jre\bin\instrument.dll
0x0000000052920000 - 0x0000000052936000 	D:\Program Files\Java\jdk1.8.0_191\jre\bin\zip.dll
0x00007ffb09ba0000 - 0x00007ffb0afdf000 	C:\Windows\System32\SHELL32.dll
0x00007ffb0b940000 - 0x00007ffb0b9e9000 	C:\Windows\System32\shcore.dll
0x00007ffb08450000 - 0x00007ffb08b5d000 	C:\Windows\System32\windows.storage.dll
0x00007ffb096f0000 - 0x00007ffb09741000 	C:\Windows\System32\shlwapi.dll
0x00007ffb081c0000 - 0x00007ffb081d1000 	C:\Windows\System32\kernel.appcore.dll
0x00007ffb08120000 - 0x00007ffb0813f000 	C:\Windows\System32\profapi.dll
0x00007ffb08170000 - 0x00007ffb081bc000 	C:\Windows\System32\powrprof.dll
0x00007ffb08160000 - 0x00007ffb0816a000 	C:\Windows\System32\FLTLIB.DLL
0x0000000052850000 - 0x0000000052859000 	D:\Program Files\Java\jdk1.8.0_191\jre\bin\dt_socket.dll
0x00007ffb07940000 - 0x00007ffb079a6000 	C:\Windows\system32\mswsock.dll

VM Arguments:
jvm_args: -agentlib:jdwp=transport=dt_socket,address=127.0.0.1:50734,suspend=y,server=n -javaagent:C:\Users\Krisz\.IntelliJIdea2018.2\system\captureAgent\debugger-agent.jar=file:/C:/Users/Krisz/AppData/Local/Temp/capture.props -Dfile.encoding=UTF-8 
java_command: Anagram
java_class_path (initial): D:\Program Files\Java\jdk1.8.0_191\jre\lib\charsets.jar;D:\Program Files\Java\jdk1.8.0_191\jre\lib\deploy.jar;D:\Program Files\Java\jdk1.8.0_191\jre\lib\ext\access-bridge-64.jar;D:\Program Files\Java\jdk1.8.0_191\jre\lib\ext\cldrdata.jar;D:\Program Files\Java\jdk1.8.0_191\jre\lib\ext\dnsns.jar;D:\Program Files\Java\jdk1.8.0_191\jre\lib\ext\jaccess.jar;D:\Program Files\Java\jdk1.8.0_191\jre\lib\ext\jfxrt.jar;D:\Program Files\Java\jdk1.8.0_191\jre\lib\ext\localedata.jar;D:\Program Files\Java\jdk1.8.0_191\jre\lib\ext\nashorn.jar;D:\Program Files\Java\jdk1.8.0_191\jre\lib\ext\sunec.jar;D:\Program Files\Java\jdk1.8.0_191\jre\lib\ext\sunjce_provider.jar;D:\Program Files\Java\jdk1.8.0_191\jre\lib\ext\sunmscapi.jar;D:\Program Files\Java\jdk1.8.0_191\jre\lib\ext\sunpkcs11.jar;D:\Program Files\Java\jdk1.8.0_191\jre\lib\ext\zipfs.jar;D:\Program Files\Java\jdk1.8.0_191\jre\lib\javaws.jar;D:\Program Files\Java\jdk1.8.0_191\jre\lib\jce.jar;D:\Program Files\Java\jdk1.8.0_191\jre\lib\jfr.jar;D:\Program Files\Java\jdk1.8.0_191\jre\lib\jfxswt.jar;D:\Program Files\Java\jdk1.8.0_191\jre\lib\jsse.jar;D:\Program Files\Java\jdk1.8.0_191\jre\lib\management-agent.jar;D:\Program Files\Java\jdk1.8.0_191\jre\lib\plugin.jar;D:\Program Files\Java\jdk1.8.0_191\jre\lib\resources.jar;D:\Program Files\Java\jdk1.8.0_191\jre\lib\rt.jar;C:\Users\Krisz\Desktop\GreenFox\ChrisFrill\week-02\day-02\JAVA\out\production\JAVA;D:\Program Files\JetBrains\IntelliJ IDEA 2018.2.5\lib\idea_rt.jar;C:\Users\Krisz\.IntelliJIdea2018.2\system\captureAgent\debugger-agent.jar
Launcher Type: SUN_STANDARD

Environment Variables:
JAVA_HOME=D:\Program Files\Java\jdk1.8.0_191
PATH=C:\Windows\System32;%JAVA_HOME%\bin;D:\Program Files\Java\jdk1.8.0_191\bin;D:\Program Files\Java\jdk1.8.0_191\bin;C:\Users\Krisz\AppData\Local\Microsoft\WindowsApps;;D:\Users\Krisz\AppData\Local\Programs\Microsoft VS Code\bin
USERNAME=Krisz
OS=Windows_NT
PROCESSOR_IDENTIFIER=Intel64 Family 6 Model 158 Stepping 10, GenuineIntel



---------------  S Y S T E M  ---------------

OS: Windows 10.0 , 64 bit Build 17134 (10.0.17134.1)

CPU:total 12 (initial active 12) (6 cores per cpu, 2 threads per core) family 6 model 158 stepping 10, cmov, cx8, fxsr, mmx, sse, sse2, sse3, ssse3, sse4.1, sse4.2, popcnt, avx, avx2, aes, clmul, erms, 3dnowpref, lzcnt, ht, tsc, tscinvbit, bmi1, bmi2, adx

Memory: 4k page, physical 8239832k(1425820k free), swap 15330880k(2326676k free)

vm_info: Java HotSpot(TM) 64-Bit Server VM (25.191-b12) for windows-amd64 JRE (1.8.0_191-b12), built on Oct  6 2018 09:29:03 by "java_re" with MS VC++ 10.0 (VS2010)

time: Fri Nov 02 17:54:30 2018
elapsed time: 384 seconds (0d 0h 6m 24s)

